rfc6021.txt  459 (([0-1](\.[1-3]?[0-9]))|(2\.(0|([1-9]\d*))))
rfc6021.txt  513 \d*(\.\d*){1,127}
rfc6021.txt  529 \d{4}-\d{2}-\d{2}T\d{2}:\d{2}:\d{2}(\.\d+)?
rfc6021.txt  631 ([0-9a-fA-F]{2}(:[0-9a-fA-F]{2})*)?
rfc6021.txt  647 [0-9a-fA-F]{2}(:[0-9a-fA-F]{2}){5}
rfc6021.txt  933 ((:|[0-9a-fA-F]{0,4}):)([0-9a-fA-F]{0,4}:){0,5}
rfc6021.txt  938 (([^:]+:){6}(([^:]+:[^:]+)|(.*\..*)))|
rfc6021.txt 1026 ((:|[0-9a-fA-F]{0,4}):)([0-9a-fA-F]{0,4}:){0,5}
rfc6021.txt 1031 (([^:]+:){6}(([^:]+:[^:]+)|(.*\..*)))|
rfc6020.txt 6647 [0-9a-fA-F]*
rfc6095.txt 2544 \S(.*\S)?
rfc6110.txt 1583 [aeiouy]*
rfc6110.txt 3222 [A-Z][a-z]*
rfc6536.txt 1583 \*
rfc6536.txt 1632 [^\*].*
rfc6643.txt  524 \p{IsBasicLatin}{0,255}
rfc6728.txt 3480 \S+
rfc6728.txt 3500 \S(.*\S)?
rfc6991.txt  477 (([0-1](\.[1-3]?[0-9]))|(2\.(0|([1-9]\d*))))
rfc6991.txt  525 \d*(\.\d*){1,127}
rfc6991.txt  541 [a-zA-Z_][a-zA-Z0-9\-_.]*
rfc6991.txt  542 .|..|[^xX].*|.[^mM].*|..[^lL].*
rfc6991.txt  571 \d{4}-\d{2}-\d{2}T\d{2}:\d{2}:\d{2}(\.\d+)?
rfc6991.txt  665 ([0-9a-fA-F]{2}(:[0-9a-fA-F]{2})*)?
rfc6991.txt  693 [0-9a-fA-F]{2}(:[0-9a-fA-F]{2}){5}
rfc6991.txt  725 ([0-9a-fA-F]{2}(:[0-9a-fA-F]{2})*)?
rfc6991.txt  743 [0-9a-fA-F]{8}-[0-9a-fA-F]{4}-[0-9a-fA-F]{4}-
rfc6991.txt 1041 ((:|[0-9a-fA-F]{0,4}):)([0-9a-fA-F]{0,4}:){0,5}
rfc6991.txt 1046 (([^:]+:){6}(([^:]+:[^:]+)|(.*\..*)))|
rfc6991.txt 1099 [0-9\.]*
rfc6991.txt 1109 [0-9a-fA-F:\.]*
rfc6991.txt 1164 ((:|[0-9a-fA-F]{0,4}):)([0-9a-fA-F]{0,4}:){0,5}
rfc6991.txt 1169 (([^:]+:){6}(([^:]+:[^:]+)|(.*\..*)))|
rfc7407.txt  933 ([0-9a-fA-F]){2}(:([0-9a-fA-F]){2}){0,254}
rfc7407.txt 1494 ([0-9a-fA-F]){2}(:([0-9a-fA-F]){2}){4,31}
rfc7758.txt  703 \d{2}:\d{2}:\d{2}(\.\d+)?
rfc7758.txt 1358 \d{2}:\d{2}:\d{2}(\.\d+)?
rfc7895.txt  349 \d{4}-\d{2}-\d{2}
rfc7950.txt 8323 [0-9a-fA-F]*
rfc7950.txt 8355 [a-zA-Z_][a-zA-Z0-9\-_.]*
rfc7950.txt 8356 [xX][mM][lL].*
rfc8040.txt 4713 \d{4}-\d{2}-\d{2}
rfc8049.txt 6704 [A-Z]{2}
rfc8194.txt  629 \*
rfc8194.txt  637 [0-9]{8}\.[0-9]{6}
rfc8194.txt  905 Z|[\+\-]\d{2}:\d{2}
rfc8194.txt  963 (2((2[4-9])|(3[0-9]))\.).*
rfc8194.txt  974 (([fF]{2}[0-9a-fA-F]{2}):).*
rfc8299.txt 7986 [A-Z]{2}
rfc8341.txt 1878 \*
rfc8341.txt 1927 [^\*].*
rfc8407.txt 1723 [0-9\.]*
rfc8407.txt 1749 [a-zA-Z_][a-zA-Z0-9\-_.]*
rfc8407.txt 1750 .|..|[^xX].*|.[^mM].*|..[^lL].*
rfc8525.txt  550 \d{4}-\d{2}-\d{2}
rfc8776.txt  838 /?([a-zA-Z0-9\-_.]+)(/[a-zA-Z0-9\-_.]+)*
rfc8776.txt  874 ([a-zA-Z0-9\-_.]+:)*
rfc8819.txt  311 [\S ]+
rfc8944.txt  596 [0-9a-fA-F]{2}(:[0-9a-fA-F]{2}){7}
